<?xml version="1.0" encoding="UTF-8"?>
<!-- Generated by org.testng.reporters.JUnitXMLReporter -->
<testsuite hostname="DESKTOP-TJTR8G5" ignored="0" name="Default test" tests="3" failures="0" timestamp="2023-04-24T19:55:52 BST" time="29.645" errors="0">
  <testcase name="UserRegisterOK" time="10.461" classname="register_User.R_UserRegiterExcel"/>
  <testcase name="UserRegisterOK" time="9.055" classname="register_User.R_UserRegiterExcel"/>
  <testcase name="UserRegisterOK" time="7.876" classname="register_User.R_UserRegiterExcel"/>
</testsuite> <!-- Default test -->
