<?xml version="1.0" encoding="UTF-8"?>
<!-- Generated by org.testng.reporters.JUnitXMLReporter -->
<testsuite ignored="0" hostname="DESKTOP-TJTR8G5" failures="0" tests="3" name="Default test" time="20.065" errors="0" timestamp="2023-04-25T14:22:28 BST">
  <testcase classname="register_User.R_UserRegiterExcel" name="UserRegisterOK" time="6.549"/>
  <testcase classname="register_User.R_UserRegiterExcel" name="UserRegisterOK" time="6.143"/>
  <testcase classname="register_User.R_UserRegiterExcel" name="UserRegisterOK" time="5.75"/>
</testsuite> <!-- Default test -->
