<?xml version="1.0" encoding="UTF-8"?>
<testng-results ignored="0" total="3" passed="3" failed="0" skipped="0">
  <reporter-output>
  </reporter-output>
  <suite started-at="2023-04-25T22:28:32 BST" name="Default suite" finished-at="2023-04-25T22:28:52 BST" duration-ms="20478">
    <groups>
    </groups>
    <test started-at="2023-04-25T22:28:32 BST" name="Default test" finished-at="2023-04-25T22:28:52 BST" duration-ms="20478">
      <class name="register_User.R_UserRegiterExcel">
        <test-method is-config="true" signature="startDriver(java.lang.String)[pri:0, instance:register_User.R_UserRegiterExcel@71809907]" started-at="2023-04-25T22:28:26 BST" name="startDriver" finished-at="2023-04-25T22:28:32 BST" duration-ms="5326" status="PASS">
          <params>
            <param index="0">
              <value>
                <![CDATA[chrome]]>
              </value>
            </param>
          </params>
          <reporter-output>
          </reporter-output>
        </test-method> <!-- startDriver -->
        <test-method signature="UserRegisterOK(java.lang.String,java.lang.String,java.lang.String,java.lang.String,java.lang.String,java.lang.String,java.lang.String,java.lang.String,java.lang.String)[pri:1, instance:register_User.R_UserRegiterExcel@71809907]" started-at="2023-04-25T22:28:33 BST" name="UserRegisterOK" data-provider="UserData" finished-at="2023-04-25T22:28:40 BST" duration-ms="7107" status="PASS">
          <params>
            <param index="0">
              <value>
                <![CDATA[safa]]>
              </value>
            </param>
            <param index="1">
              <value>
                <![CDATA[kjkjkjj]]>
              </value>
            </param>
            <param index="2">
              <value>
                <![CDATA[aadd5@gmail.com]]>
              </value>
            </param>
            <param index="3">
              <value>
                <![CDATA[tunis]]>
              </value>
            </param>
            <param index="4">
              <value>
                <![CDATA[123Cyberesa123]]>
              </value>
            </param>
            <param index="5">
              <value>
                <![CDATA[123Cyberesa123]]>
              </value>
            </param>
            <param index="6">
              <value>
                <![CDATA[5]]>
              </value>
            </param>
            <param index="7">
              <value>
                <![CDATA[April]]>
              </value>
            </param>
            <param index="8">
              <value>
                <![CDATA[2021]]>
              </value>
            </param>
          </params>
          <reporter-output>
          </reporter-output>
        </test-method> <!-- UserRegisterOK -->
        <test-method signature="UserRegisterOK(java.lang.String,java.lang.String,java.lang.String,java.lang.String,java.lang.String,java.lang.String,java.lang.String,java.lang.String,java.lang.String)[pri:1, instance:register_User.R_UserRegiterExcel@71809907]" started-at="2023-04-25T22:28:40 BST" name="UserRegisterOK" data-provider="UserData" finished-at="2023-04-25T22:28:46 BST" duration-ms="6073" status="PASS">
          <params>
            <param index="0">
              <value>
                <![CDATA[safa]]>
              </value>
            </param>
            <param index="1">
              <value>
                <![CDATA[hghj]]>
              </value>
            </param>
            <param index="2">
              <value>
                <![CDATA[aaff@gmail.com]]>
              </value>
            </param>
            <param index="3">
              <value>
                <![CDATA[tunis]]>
              </value>
            </param>
            <param index="4">
              <value>
                <![CDATA[123Cyberesa123]]>
              </value>
            </param>
            <param index="5">
              <value>
                <![CDATA[123Cyberesa123]]>
              </value>
            </param>
            <param index="6">
              <value>
                <![CDATA[5]]>
              </value>
            </param>
            <param index="7">
              <value>
                <![CDATA[April]]>
              </value>
            </param>
            <param index="8">
              <value>
                <![CDATA[2021]]>
              </value>
            </param>
          </params>
          <reporter-output>
          </reporter-output>
        </test-method> <!-- UserRegisterOK -->
        <test-method signature="UserRegisterOK(java.lang.String,java.lang.String,java.lang.String,java.lang.String,java.lang.String,java.lang.String,java.lang.String,java.lang.String,java.lang.String)[pri:1, instance:register_User.R_UserRegiterExcel@71809907]" started-at="2023-04-25T22:28:46 BST" name="UserRegisterOK" data-provider="UserData" finished-at="2023-04-25T22:28:52 BST" duration-ms="6132" status="PASS">
          <params>
            <param index="0">
              <value>
                <![CDATA[safa]]>
              </value>
            </param>
            <param index="1">
              <value>
                <![CDATA[hjhkjhkj]]>
              </value>
            </param>
            <param index="2">
              <value>
                <![CDATA[aajjjjff@gmail.com]]>
              </value>
            </param>
            <param index="3">
              <value>
                <![CDATA[tunis]]>
              </value>
            </param>
            <param index="4">
              <value>
                <![CDATA[123Cyberesa123]]>
              </value>
            </param>
            <param index="5">
              <value>
                <![CDATA[123Cyberesa123]]>
              </value>
            </param>
            <param index="6">
              <value>
                <![CDATA[5]]>
              </value>
            </param>
            <param index="7">
              <value>
                <![CDATA[April]]>
              </value>
            </param>
            <param index="8">
              <value>
                <![CDATA[2021]]>
              </value>
            </param>
          </params>
          <reporter-output>
          </reporter-output>
        </test-method> <!-- UserRegisterOK -->
        <test-method is-config="true" signature="stopDriver()[pri:0, instance:register_User.R_UserRegiterExcel@71809907]" started-at="2023-04-25T22:28:52 BST" name="stopDriver" finished-at="2023-04-25T22:28:52 BST" duration-ms="1" status="PASS">
          <reporter-output>
          </reporter-output>
        </test-method> <!-- stopDriver -->
      </class> <!-- register_User.R_UserRegiterExcel -->
    </test> <!-- Default test -->
  </suite> <!-- Default suite -->
</testng-results>
